2024-03-16 11:05:19.646 [main] INFO StartupInfoLogger.java:50 - Starting FinalcaseApplicationTests using Java 17.0.9 with PID 18948 (started by Lenovo in D:\workspace\finalcase)
2024-03-16 11:05:19.648 [main] INFO SpringApplication.java:662 - No active profile set, falling back to 1 default profile: "default"
2024-03-16 11:05:20.509 [main] INFO RepositoryConfigurationDelegate.java:139 - Bootstrapping Spring Data JPA repositories in DEFAULT mode.
2024-03-16 11:05:20.589 [main] INFO RepositoryConfigurationDelegate.java:208 - Finished Spring Data repository scanning in 70 ms. Found 3 JPA repository interfaces.
2024-03-16 11:05:21.071 [main] INFO LogHelper.java:31 - HHH000204: Processing PersistenceUnitInfo [name: default]
2024-03-16 11:05:21.139 [main] INFO Version.java:44 - HHH000412: Hibernate ORM core version 6.4.1.Final
2024-03-16 11:05:21.179 [main] INFO RegionFactoryInitiator.java:50 - HHH000026: Second-level cache disabled
2024-03-16 11:05:21.466 [main] INFO SpringPersistenceUnitInfo.java:87 - No LoadTimeWeaver setup: ignoring JPA class transformer
2024-03-16 11:05:21.493 [main] INFO HikariDataSource.java:110 - HikariPool-1 - Starting...
2024-03-16 11:05:21.839 [main] INFO HikariPool.java:565 - HikariPool-1 - Added connection org.postgresql.jdbc.PgConnection@1201e064
2024-03-16 11:05:21.840 [main] INFO HikariDataSource.java:123 - HikariPool-1 - Start completed.
2024-03-16 11:05:21.879 [main] WARN DialectFactoryImpl.java:153 - HHH90000025: PostgreSQLDialect does not need to be specified explicitly using 'hibernate.dialect' (remove the property setting and it will be selected by default)
2024-03-16 11:05:22.741 [main] INFO JtaPlatformInitiator.java:58 - HHH000489: No JTA platform available (set 'hibernate.transaction.jta.platform' to enable JTA platform integration)
2024-03-16 11:05:22.810 [main] INFO AbstractEntityManagerFactoryBean.java:437 - Initialized JPA EntityManagerFactory for persistence unit 'default'
2024-03-16 11:05:23.104 [main] INFO QueryEnhancerFactory.java:49 - Hibernate is in classpath; If applicable, HQL parser will be used.
2024-03-16 11:05:25.068 [main] INFO StartupInfoLogger.java:56 - Started FinalcaseApplicationTests in 5.898 seconds (process running for 6.883)
2024-03-16 11:05:25.869 [SpringApplicationShutdownHook] INFO AbstractEntityManagerFactoryBean.java:650 - Closing JPA EntityManagerFactory for persistence unit 'default'
2024-03-16 11:05:25.873 [SpringApplicationShutdownHook] INFO HikariDataSource.java:350 - HikariPool-1 - Shutdown initiated...
2024-03-16 11:05:25.878 [SpringApplicationShutdownHook] INFO HikariDataSource.java:352 - HikariPool-1 - Shutdown completed.
2024-03-16 11:18:23.537 [main] INFO StartupInfoLogger.java:50 - Starting FinalcaseApplicationTests using Java 17.0.9 with PID 1596 (started by Lenovo in D:\workspace\finalcase)
2024-03-16 11:18:23.538 [main] INFO SpringApplication.java:662 - No active profile set, falling back to 1 default profile: "default"
2024-03-16 11:18:24.172 [main] INFO RepositoryConfigurationDelegate.java:139 - Bootstrapping Spring Data JPA repositories in DEFAULT mode.
2024-03-16 11:18:24.220 [main] INFO RepositoryConfigurationDelegate.java:208 - Finished Spring Data repository scanning in 41 ms. Found 3 JPA repository interfaces.
2024-03-16 11:18:24.624 [main] INFO LogHelper.java:31 - HHH000204: Processing PersistenceUnitInfo [name: default]
2024-03-16 11:18:24.671 [main] INFO Version.java:44 - HHH000412: Hibernate ORM core version 6.4.1.Final
2024-03-16 11:18:24.706 [main] INFO RegionFactoryInitiator.java:50 - HHH000026: Second-level cache disabled
2024-03-16 11:18:24.920 [main] INFO SpringPersistenceUnitInfo.java:87 - No LoadTimeWeaver setup: ignoring JPA class transformer
2024-03-16 11:18:24.945 [main] INFO HikariDataSource.java:110 - HikariPool-1 - Starting...
2024-03-16 11:18:25.106 [main] INFO HikariPool.java:565 - HikariPool-1 - Added connection org.postgresql.jdbc.PgConnection@284d4885
2024-03-16 11:18:25.107 [main] INFO HikariDataSource.java:123 - HikariPool-1 - Start completed.
2024-03-16 11:18:25.141 [main] WARN DialectFactoryImpl.java:153 - HHH90000025: PostgreSQLDialect does not need to be specified explicitly using 'hibernate.dialect' (remove the property setting and it will be selected by default)
2024-03-16 11:18:25.840 [main] INFO JtaPlatformInitiator.java:58 - HHH000489: No JTA platform available (set 'hibernate.transaction.jta.platform' to enable JTA platform integration)
2024-03-16 11:18:25.914 [main] INFO AbstractEntityManagerFactoryBean.java:437 - Initialized JPA EntityManagerFactory for persistence unit 'default'
2024-03-16 11:18:26.238 [main] INFO QueryEnhancerFactory.java:49 - Hibernate is in classpath; If applicable, HQL parser will be used.
2024-03-16 11:18:28.213 [main] INFO StartupInfoLogger.java:56 - Started FinalcaseApplicationTests in 5.036 seconds (process running for 5.854)
2024-03-16 11:18:28.974 [SpringApplicationShutdownHook] INFO AbstractEntityManagerFactoryBean.java:650 - Closing JPA EntityManagerFactory for persistence unit 'default'
2024-03-16 11:18:28.977 [SpringApplicationShutdownHook] INFO HikariDataSource.java:350 - HikariPool-1 - Shutdown initiated...
2024-03-16 11:18:28.986 [SpringApplicationShutdownHook] INFO HikariDataSource.java:352 - HikariPool-1 - Shutdown completed.
2024-03-16 11:23:27.734 [background-preinit] INFO Version.java:21 - HV000001: Hibernate Validator 7.0.2.Final
2024-03-16 11:23:27.763 [main] INFO StartupInfoLogger.java:50 - Starting FinalcaseApplicationTests using Java 17.0.9 with PID 18668 (started by Lenovo in D:\workspace\finalcase)
2024-03-16 11:23:27.766 [main] INFO SpringApplication.java:662 - No active profile set, falling back to 1 default profile: "default"
2024-03-16 11:23:29.530 [main] INFO RepositoryConfigurationDelegate.java:139 - Bootstrapping Spring Data JPA repositories in DEFAULT mode.
2024-03-16 11:23:29.632 [main] INFO RepositoryConfigurationDelegate.java:208 - Finished Spring Data repository scanning in 87 ms. Found 3 JPA repository interfaces.
2024-03-16 11:23:30.598 [main] INFO LogHelper.java:31 - HHH000204: Processing PersistenceUnitInfo [name: default]
2024-03-16 11:23:30.717 [main] INFO Version.java:44 - HHH000412: Hibernate ORM core version 6.4.1.Final
2024-03-16 11:23:30.777 [main] INFO RegionFactoryInitiator.java:50 - HHH000026: Second-level cache disabled
2024-03-16 11:23:31.390 [main] INFO SpringPersistenceUnitInfo.java:87 - No LoadTimeWeaver setup: ignoring JPA class transformer
2024-03-16 11:23:31.427 [main] INFO HikariDataSource.java:110 - HikariPool-1 - Starting...
2024-03-16 11:23:31.803 [main] INFO HikariPool.java:565 - HikariPool-1 - Added connection org.postgresql.jdbc.PgConnection@13a268cd
2024-03-16 11:23:31.807 [main] INFO HikariDataSource.java:123 - HikariPool-1 - Start completed.
2024-03-16 11:23:31.882 [main] WARN DialectFactoryImpl.java:153 - HHH90000025: PostgreSQLDialect does not need to be specified explicitly using 'hibernate.dialect' (remove the property setting and it will be selected by default)
2024-03-16 11:23:33.683 [main] INFO JtaPlatformInitiator.java:58 - HHH000489: No JTA platform available (set 'hibernate.transaction.jta.platform' to enable JTA platform integration)
2024-03-16 11:23:33.781 [main] INFO AbstractEntityManagerFactoryBean.java:437 - Initialized JPA EntityManagerFactory for persistence unit 'default'
2024-03-16 11:23:34.342 [main] INFO QueryEnhancerFactory.java:49 - Hibernate is in classpath; If applicable, HQL parser will be used.
2024-03-16 11:23:37.394 [main] INFO StartupInfoLogger.java:56 - Started FinalcaseApplicationTests in 10.509 seconds (process running for 12.575)
2024-03-16 11:23:38.490 [SpringApplicationShutdownHook] INFO AbstractEntityManagerFactoryBean.java:650 - Closing JPA EntityManagerFactory for persistence unit 'default'
2024-03-16 11:23:38.494 [SpringApplicationShutdownHook] INFO HikariDataSource.java:350 - HikariPool-1 - Shutdown initiated...
2024-03-16 11:23:38.502 [SpringApplicationShutdownHook] INFO HikariDataSource.java:352 - HikariPool-1 - Shutdown completed.
2024-03-16 11:26:25.503 [background-preinit] INFO Version.java:21 - HV000001: Hibernate Validator 7.0.2.Final
2024-03-16 11:26:25.524 [main] INFO StartupInfoLogger.java:50 - Starting FinalcaseApplicationTests using Java 17.0.9 with PID 16404 (started by Lenovo in D:\workspace\finalcase)
2024-03-16 11:26:25.525 [main] INFO SpringApplication.java:662 - No active profile set, falling back to 1 default profile: "default"
2024-03-16 11:26:26.367 [main] INFO RepositoryConfigurationDelegate.java:139 - Bootstrapping Spring Data JPA repositories in DEFAULT mode.
2024-03-16 11:26:26.425 [main] INFO RepositoryConfigurationDelegate.java:208 - Finished Spring Data repository scanning in 49 ms. Found 3 JPA repository interfaces.
2024-03-16 11:26:26.917 [main] INFO LogHelper.java:31 - HHH000204: Processing PersistenceUnitInfo [name: default]
2024-03-16 11:26:26.990 [main] INFO Version.java:44 - HHH000412: Hibernate ORM core version 6.4.1.Final
2024-03-16 11:26:27.030 [main] INFO RegionFactoryInitiator.java:50 - HHH000026: Second-level cache disabled
2024-03-16 11:26:27.327 [main] INFO SpringPersistenceUnitInfo.java:87 - No LoadTimeWeaver setup: ignoring JPA class transformer
2024-03-16 11:26:27.357 [main] INFO HikariDataSource.java:110 - HikariPool-1 - Starting...
2024-03-16 11:26:27.553 [main] INFO HikariPool.java:565 - HikariPool-1 - Added connection org.postgresql.jdbc.PgConnection@31b741e2
2024-03-16 11:26:27.555 [main] INFO HikariDataSource.java:123 - HikariPool-1 - Start completed.
2024-03-16 11:26:27.588 [main] WARN DialectFactoryImpl.java:153 - HHH90000025: PostgreSQLDialect does not need to be specified explicitly using 'hibernate.dialect' (remove the property setting and it will be selected by default)
2024-03-16 11:26:28.550 [main] INFO JtaPlatformInitiator.java:58 - HHH000489: No JTA platform available (set 'hibernate.transaction.jta.platform' to enable JTA platform integration)
2024-03-16 11:26:28.617 [main] INFO AbstractEntityManagerFactoryBean.java:437 - Initialized JPA EntityManagerFactory for persistence unit 'default'
2024-03-16 11:26:28.870 [main] INFO QueryEnhancerFactory.java:49 - Hibernate is in classpath; If applicable, HQL parser will be used.
2024-03-16 11:26:30.825 [main] INFO StartupInfoLogger.java:56 - Started FinalcaseApplicationTests in 5.848 seconds (process running for 7.009)
2024-03-16 11:26:31.844 [SpringApplicationShutdownHook] INFO AbstractEntityManagerFactoryBean.java:650 - Closing JPA EntityManagerFactory for persistence unit 'default'
2024-03-16 11:26:31.847 [SpringApplicationShutdownHook] INFO HikariDataSource.java:350 - HikariPool-1 - Shutdown initiated...
2024-03-16 11:26:31.853 [SpringApplicationShutdownHook] INFO HikariDataSource.java:352 - HikariPool-1 - Shutdown completed.
2024-03-16 11:30:20.853 [background-preinit] INFO Version.java:21 - HV000001: Hibernate Validator 7.0.2.Final
2024-03-16 11:30:20.882 [main] INFO StartupInfoLogger.java:50 - Starting FinalcaseApplicationTests using Java 17.0.9 with PID 3300 (started by Lenovo in D:\workspace\finalcase)
2024-03-16 11:30:20.884 [main] INFO SpringApplication.java:662 - No active profile set, falling back to 1 default profile: "default"
2024-03-16 11:30:22.093 [main] INFO RepositoryConfigurationDelegate.java:139 - Bootstrapping Spring Data JPA repositories in DEFAULT mode.
2024-03-16 11:30:22.176 [main] INFO RepositoryConfigurationDelegate.java:208 - Finished Spring Data repository scanning in 71 ms. Found 3 JPA repository interfaces.
2024-03-16 11:30:22.805 [main] INFO LogHelper.java:31 - HHH000204: Processing PersistenceUnitInfo [name: default]
2024-03-16 11:30:22.905 [main] INFO Version.java:44 - HHH000412: Hibernate ORM core version 6.4.1.Final
2024-03-16 11:30:22.955 [main] INFO RegionFactoryInitiator.java:50 - HHH000026: Second-level cache disabled
2024-03-16 11:30:23.422 [main] INFO SpringPersistenceUnitInfo.java:87 - No LoadTimeWeaver setup: ignoring JPA class transformer
2024-03-16 11:30:23.460 [main] INFO HikariDataSource.java:110 - HikariPool-1 - Starting...
2024-03-16 11:30:23.737 [main] INFO HikariPool.java:565 - HikariPool-1 - Added connection org.postgresql.jdbc.PgConnection@79b63325
2024-03-16 11:30:23.739 [main] INFO HikariDataSource.java:123 - HikariPool-1 - Start completed.
2024-03-16 11:30:23.787 [main] WARN DialectFactoryImpl.java:153 - HHH90000025: PostgreSQLDialect does not need to be specified explicitly using 'hibernate.dialect' (remove the property setting and it will be selected by default)
2024-03-16 11:30:24.661 [main] INFO JtaPlatformInitiator.java:58 - HHH000489: No JTA platform available (set 'hibernate.transaction.jta.platform' to enable JTA platform integration)
2024-03-16 11:30:24.729 [main] INFO AbstractEntityManagerFactoryBean.java:437 - Initialized JPA EntityManagerFactory for persistence unit 'default'
2024-03-16 11:30:25.040 [main] INFO QueryEnhancerFactory.java:49 - Hibernate is in classpath; If applicable, HQL parser will be used.
2024-03-16 11:30:26.919 [main] INFO StartupInfoLogger.java:56 - Started FinalcaseApplicationTests in 6.591 seconds (process running for 8.164)
2024-03-16 11:30:27.499 [main] ERROR UserServiceImpl.java:42 - Error occurred while creating user: Cannot invoke "com.nurali.finalcase.dto.UserDTO.getFirstName()" because "userDTO" is null
2024-03-16 11:30:27.527 [SpringApplicationShutdownHook] INFO AbstractEntityManagerFactoryBean.java:650 - Closing JPA EntityManagerFactory for persistence unit 'default'
2024-03-16 11:30:27.530 [SpringApplicationShutdownHook] INFO HikariDataSource.java:350 - HikariPool-1 - Shutdown initiated...
2024-03-16 11:30:27.541 [SpringApplicationShutdownHook] INFO HikariDataSource.java:352 - HikariPool-1 - Shutdown completed.
2024-03-16 11:32:14.954 [background-preinit] INFO Version.java:21 - HV000001: Hibernate Validator 7.0.2.Final
2024-03-16 11:32:14.977 [main] INFO StartupInfoLogger.java:50 - Starting FinalcaseApplicationTests using Java 17.0.9 with PID 2868 (started by Lenovo in D:\workspace\finalcase)
2024-03-16 11:32:14.978 [main] INFO SpringApplication.java:662 - No active profile set, falling back to 1 default profile: "default"
2024-03-16 11:32:15.649 [main] INFO RepositoryConfigurationDelegate.java:139 - Bootstrapping Spring Data JPA repositories in DEFAULT mode.
2024-03-16 11:32:15.689 [main] INFO RepositoryConfigurationDelegate.java:208 - Finished Spring Data repository scanning in 33 ms. Found 3 JPA repository interfaces.
2024-03-16 11:32:16.074 [main] INFO LogHelper.java:31 - HHH000204: Processing PersistenceUnitInfo [name: default]
2024-03-16 11:32:16.130 [main] INFO Version.java:44 - HHH000412: Hibernate ORM core version 6.4.1.Final
2024-03-16 11:32:16.164 [main] INFO RegionFactoryInitiator.java:50 - HHH000026: Second-level cache disabled
2024-03-16 11:32:16.416 [main] INFO SpringPersistenceUnitInfo.java:87 - No LoadTimeWeaver setup: ignoring JPA class transformer
2024-03-16 11:32:16.442 [main] INFO HikariDataSource.java:110 - HikariPool-1 - Starting...
2024-03-16 11:32:16.596 [main] INFO HikariPool.java:565 - HikariPool-1 - Added connection org.postgresql.jdbc.PgConnection@5a8d676e
2024-03-16 11:32:16.598 [main] INFO HikariDataSource.java:123 - HikariPool-1 - Start completed.
2024-03-16 11:32:16.633 [main] WARN DialectFactoryImpl.java:153 - HHH90000025: PostgreSQLDialect does not need to be specified explicitly using 'hibernate.dialect' (remove the property setting and it will be selected by default)
2024-03-16 11:32:17.365 [main] INFO JtaPlatformInitiator.java:58 - HHH000489: No JTA platform available (set 'hibernate.transaction.jta.platform' to enable JTA platform integration)
2024-03-16 11:32:17.417 [main] INFO AbstractEntityManagerFactoryBean.java:437 - Initialized JPA EntityManagerFactory for persistence unit 'default'
2024-03-16 11:32:17.655 [main] INFO QueryEnhancerFactory.java:49 - Hibernate is in classpath; If applicable, HQL parser will be used.
2024-03-16 11:32:19.279 [main] INFO StartupInfoLogger.java:56 - Started FinalcaseApplicationTests in 4.676 seconds (process running for 5.488)
2024-03-16 11:32:19.850 [main] ERROR UserServiceImpl.java:42 - Error occurred while creating user: Cannot invoke "com.nurali.finalcase.dto.UserDTO.getFirstName()" because "userDTO" is null
2024-03-16 11:32:19.879 [SpringApplicationShutdownHook] INFO AbstractEntityManagerFactoryBean.java:650 - Closing JPA EntityManagerFactory for persistence unit 'default'
2024-03-16 11:32:19.881 [SpringApplicationShutdownHook] INFO HikariDataSource.java:350 - HikariPool-1 - Shutdown initiated...
2024-03-16 11:32:19.883 [SpringApplicationShutdownHook] INFO HikariDataSource.java:352 - HikariPool-1 - Shutdown completed.
2024-03-16 11:37:55.883 [background-preinit] INFO Version.java:21 - HV000001: Hibernate Validator 7.0.2.Final
2024-03-16 11:37:55.900 [main] INFO StartupInfoLogger.java:50 - Starting UserControllerTestApplicationTests using Java 17.0.9 with PID 20432 (started by Lenovo in D:\workspace\finalcase)
2024-03-16 11:37:55.901 [main] INFO SpringApplication.java:662 - No active profile set, falling back to 1 default profile: "default"
2024-03-16 11:37:56.562 [main] INFO RepositoryConfigurationDelegate.java:139 - Bootstrapping Spring Data JPA repositories in DEFAULT mode.
2024-03-16 11:37:56.608 [main] INFO RepositoryConfigurationDelegate.java:208 - Finished Spring Data repository scanning in 39 ms. Found 3 JPA repository interfaces.
2024-03-16 11:37:57.023 [main] INFO LogHelper.java:31 - HHH000204: Processing PersistenceUnitInfo [name: default]
2024-03-16 11:37:57.083 [main] INFO Version.java:44 - HHH000412: Hibernate ORM core version 6.4.1.Final
2024-03-16 11:37:57.117 [main] INFO RegionFactoryInitiator.java:50 - HHH000026: Second-level cache disabled
2024-03-16 11:37:57.370 [main] INFO SpringPersistenceUnitInfo.java:87 - No LoadTimeWeaver setup: ignoring JPA class transformer
2024-03-16 11:37:57.395 [main] INFO HikariDataSource.java:110 - HikariPool-1 - Starting...
2024-03-16 11:37:57.549 [main] INFO HikariPool.java:565 - HikariPool-1 - Added connection org.postgresql.jdbc.PgConnection@74764622
2024-03-16 11:37:57.551 [main] INFO HikariDataSource.java:123 - HikariPool-1 - Start completed.
2024-03-16 11:37:57.585 [main] WARN DialectFactoryImpl.java:153 - HHH90000025: PostgreSQLDialect does not need to be specified explicitly using 'hibernate.dialect' (remove the property setting and it will be selected by default)
2024-03-16 11:37:58.337 [main] INFO JtaPlatformInitiator.java:58 - HHH000489: No JTA platform available (set 'hibernate.transaction.jta.platform' to enable JTA platform integration)
2024-03-16 11:37:58.392 [main] INFO AbstractEntityManagerFactoryBean.java:437 - Initialized JPA EntityManagerFactory for persistence unit 'default'
2024-03-16 11:37:58.643 [main] INFO QueryEnhancerFactory.java:49 - Hibernate is in classpath; If applicable, HQL parser will be used.
2024-03-16 11:38:00.226 [main] INFO StartupInfoLogger.java:56 - Started UserControllerTestApplicationTests in 4.662 seconds (process running for 5.462)
2024-03-16 11:38:00.698 [main] ERROR UserServiceImpl.java:42 - Error occurred while creating user: Cannot invoke "com.nurali.finalcase.dto.UserDTO.getFirstName()" because "userDTO" is null
2024-03-16 11:38:00.723 [SpringApplicationShutdownHook] INFO AbstractEntityManagerFactoryBean.java:650 - Closing JPA EntityManagerFactory for persistence unit 'default'
2024-03-16 11:38:00.725 [SpringApplicationShutdownHook] INFO HikariDataSource.java:350 - HikariPool-1 - Shutdown initiated...
2024-03-16 11:38:00.729 [SpringApplicationShutdownHook] INFO HikariDataSource.java:352 - HikariPool-1 - Shutdown completed.
2024-03-16 11:39:28.977 [background-preinit] INFO Version.java:21 - HV000001: Hibernate Validator 7.0.2.Final
2024-03-16 11:39:29.031 [main] INFO StartupInfoLogger.java:50 - Starting FinalcaseApplicationTests using Java 17.0.9 with PID 11696 (started by Lenovo in D:\workspace\finalcase)
2024-03-16 11:39:29.033 [main] INFO SpringApplication.java:662 - No active profile set, falling back to 1 default profile: "default"
2024-03-16 11:39:30.268 [main] INFO RepositoryConfigurationDelegate.java:139 - Bootstrapping Spring Data JPA repositories in DEFAULT mode.
2024-03-16 11:39:30.355 [main] INFO RepositoryConfigurationDelegate.java:208 - Finished Spring Data repository scanning in 73 ms. Found 3 JPA repository interfaces.
2024-03-16 11:39:31.042 [main] INFO LogHelper.java:31 - HHH000204: Processing PersistenceUnitInfo [name: default]
2024-03-16 11:39:31.125 [main] INFO Version.java:44 - HHH000412: Hibernate ORM core version 6.4.1.Final
2024-03-16 11:39:31.181 [main] INFO RegionFactoryInitiator.java:50 - HHH000026: Second-level cache disabled
2024-03-16 11:39:31.601 [main] INFO SpringPersistenceUnitInfo.java:87 - No LoadTimeWeaver setup: ignoring JPA class transformer
2024-03-16 11:39:31.647 [main] INFO HikariDataSource.java:110 - HikariPool-1 - Starting...
2024-03-16 11:39:31.998 [main] INFO HikariPool.java:565 - HikariPool-1 - Added connection org.postgresql.jdbc.PgConnection@145a821d
2024-03-16 11:39:32.001 [main] INFO HikariDataSource.java:123 - HikariPool-1 - Start completed.
2024-03-16 11:39:32.074 [main] WARN DialectFactoryImpl.java:153 - HHH90000025: PostgreSQLDialect does not need to be specified explicitly using 'hibernate.dialect' (remove the property setting and it will be selected by default)
2024-03-16 11:39:33.408 [main] INFO JtaPlatformInitiator.java:58 - HHH000489: No JTA platform available (set 'hibernate.transaction.jta.platform' to enable JTA platform integration)
2024-03-16 11:39:33.515 [main] INFO AbstractEntityManagerFactoryBean.java:437 - Initialized JPA EntityManagerFactory for persistence unit 'default'
2024-03-16 11:39:33.929 [main] INFO QueryEnhancerFactory.java:49 - Hibernate is in classpath; If applicable, HQL parser will be used.
2024-03-16 11:39:36.790 [main] INFO StartupInfoLogger.java:56 - Started FinalcaseApplicationTests in 8.442 seconds (process running for 10.057)
2024-03-16 11:39:37.486 [SpringApplicationShutdownHook] INFO AbstractEntityManagerFactoryBean.java:650 - Closing JPA EntityManagerFactory for persistence unit 'default'
2024-03-16 11:39:37.489 [SpringApplicationShutdownHook] INFO HikariDataSource.java:350 - HikariPool-1 - Shutdown initiated...
2024-03-16 11:39:37.492 [SpringApplicationShutdownHook] INFO HikariDataSource.java:352 - HikariPool-1 - Shutdown completed.
2024-03-16 11:44:08.308 [background-preinit] INFO Version.java:21 - HV000001: Hibernate Validator 7.0.2.Final
2024-03-16 11:44:08.335 [main] INFO StartupInfoLogger.java:50 - Starting FinalcaseApplication using Java 17.0.9 with PID 2904 (D:\workspace\finalcase\target\classes started by Lenovo in D:\workspace\finalcase)
2024-03-16 11:44:08.336 [main] INFO SpringApplication.java:662 - No active profile set, falling back to 1 default profile: "default"
2024-03-16 11:44:08.776 [main] INFO RepositoryConfigurationDelegate.java:139 - Bootstrapping Spring Data JPA repositories in DEFAULT mode.
2024-03-16 11:44:08.813 [main] INFO RepositoryConfigurationDelegate.java:208 - Finished Spring Data repository scanning in 32 ms. Found 3 JPA repository interfaces.
2024-03-16 11:44:09.106 [main] INFO TomcatWebServer.java:109 - Tomcat initialized with port 8080 (http)
2024-03-16 11:44:09.113 [main] INFO DirectJDKLog.java:173 - Initializing ProtocolHandler ["http-nio-8080"]
2024-03-16 11:44:09.114 [main] INFO DirectJDKLog.java:173 - Starting service [Tomcat]
2024-03-16 11:44:09.114 [main] INFO DirectJDKLog.java:173 - Starting Servlet engine: [Apache Tomcat/10.1.17]
2024-03-16 11:44:09.147 [main] INFO DirectJDKLog.java:173 - Initializing Spring embedded WebApplicationContext
2024-03-16 11:44:09.147 [main] INFO ServletWebServerApplicationContext.java:296 - Root WebApplicationContext: initialization completed in 788 ms
2024-03-16 11:44:09.230 [main] INFO LogHelper.java:31 - HHH000204: Processing PersistenceUnitInfo [name: default]
2024-03-16 11:44:09.260 [main] INFO Version.java:44 - HHH000412: Hibernate ORM core version 6.4.1.Final
2024-03-16 11:44:09.286 [main] INFO RegionFactoryInitiator.java:50 - HHH000026: Second-level cache disabled
2024-03-16 11:44:09.424 [main] INFO SpringPersistenceUnitInfo.java:87 - No LoadTimeWeaver setup: ignoring JPA class transformer
2024-03-16 11:44:09.440 [main] INFO HikariDataSource.java:110 - HikariPool-1 - Starting...
2024-03-16 11:44:09.542 [main] INFO HikariPool.java:565 - HikariPool-1 - Added connection org.postgresql.jdbc.PgConnection@350567f1
2024-03-16 11:44:09.543 [main] INFO HikariDataSource.java:123 - HikariPool-1 - Start completed.
2024-03-16 11:44:09.567 [main] WARN DialectFactoryImpl.java:153 - HHH90000025: PostgreSQLDialect does not need to be specified explicitly using 'hibernate.dialect' (remove the property setting and it will be selected by default)
2024-03-16 11:44:10.161 [main] INFO JtaPlatformInitiator.java:58 - HHH000489: No JTA platform available (set 'hibernate.transaction.jta.platform' to enable JTA platform integration)
2024-03-16 11:44:10.216 [main] INFO AbstractEntityManagerFactoryBean.java:437 - Initialized JPA EntityManagerFactory for persistence unit 'default'
2024-03-16 11:44:10.358 [main] INFO QueryEnhancerFactory.java:49 - Hibernate is in classpath; If applicable, HQL parser will be used.
2024-03-16 11:44:11.131 [main] INFO DirectJDKLog.java:173 - Starting ProtocolHandler ["http-nio-8080"]
2024-03-16 11:44:11.144 [main] INFO TomcatWebServer.java:241 - Tomcat started on port 8080 (http) with context path ''
2024-03-16 11:44:11.151 [main] INFO StartupInfoLogger.java:56 - Started FinalcaseApplication in 3.166 seconds (process running for 3.555)
2024-03-16 11:44:20.886 [http-nio-8080-exec-1] INFO DirectJDKLog.java:173 - Initializing Spring DispatcherServlet 'dispatcherServlet'
2024-03-16 11:44:20.886 [http-nio-8080-exec-1] INFO FrameworkServlet.java:532 - Initializing Servlet 'dispatcherServlet'
2024-03-16 11:44:20.888 [http-nio-8080-exec-1] INFO FrameworkServlet.java:554 - Completed initialization in 2 ms
2024-03-16 11:46:11.936 [background-preinit] INFO Version.java:21 - HV000001: Hibernate Validator 7.0.2.Final
2024-03-16 11:46:11.971 [main] INFO StartupInfoLogger.java:50 - Starting FinalcaseApplicationTests using Java 17.0.9 with PID 1884 (started by Lenovo in D:\workspace\finalcase)
2024-03-16 11:46:11.972 [main] INFO SpringApplication.java:662 - No active profile set, falling back to 1 default profile: "default"
2024-03-16 11:46:13.188 [main] INFO RepositoryConfigurationDelegate.java:139 - Bootstrapping Spring Data JPA repositories in DEFAULT mode.
2024-03-16 11:46:13.283 [main] INFO RepositoryConfigurationDelegate.java:208 - Finished Spring Data repository scanning in 79 ms. Found 3 JPA repository interfaces.
2024-03-16 11:46:13.982 [main] INFO LogHelper.java:31 - HHH000204: Processing PersistenceUnitInfo [name: default]
2024-03-16 11:46:14.092 [main] INFO Version.java:44 - HHH000412: Hibernate ORM core version 6.4.1.Final
2024-03-16 11:46:14.149 [main] INFO RegionFactoryInitiator.java:50 - HHH000026: Second-level cache disabled
2024-03-16 11:46:14.607 [main] INFO SpringPersistenceUnitInfo.java:87 - No LoadTimeWeaver setup: ignoring JPA class transformer
2024-03-16 11:46:14.647 [main] INFO HikariDataSource.java:110 - HikariPool-1 - Starting...
2024-03-16 11:46:14.948 [main] INFO HikariPool.java:565 - HikariPool-1 - Added connection org.postgresql.jdbc.PgConnection@32e830a0
2024-03-16 11:46:14.952 [main] INFO HikariDataSource.java:123 - HikariPool-1 - Start completed.
2024-03-16 11:46:15.012 [main] WARN DialectFactoryImpl.java:153 - HHH90000025: PostgreSQLDialect does not need to be specified explicitly using 'hibernate.dialect' (remove the property setting and it will be selected by default)
2024-03-16 11:46:16.292 [main] INFO JtaPlatformInitiator.java:58 - HHH000489: No JTA platform available (set 'hibernate.transaction.jta.platform' to enable JTA platform integration)
2024-03-16 11:46:16.387 [main] INFO AbstractEntityManagerFactoryBean.java:437 - Initialized JPA EntityManagerFactory for persistence unit 'default'
2024-03-16 11:46:16.766 [main] INFO QueryEnhancerFactory.java:49 - Hibernate is in classpath; If applicable, HQL parser will be used.
2024-03-16 11:46:19.558 [main] INFO StartupInfoLogger.java:56 - Started FinalcaseApplicationTests in 8.256 seconds (process running for 9.658)
2024-03-16 11:46:20.376 [main] ERROR UserServiceImpl.java:42 - Error occurred while creating user: Cannot invoke "com.nurali.finalcase.dto.UserDTO.getFirstName()" because "userDTO" is null
2024-03-16 11:46:20.421 [SpringApplicationShutdownHook] INFO AbstractEntityManagerFactoryBean.java:650 - Closing JPA EntityManagerFactory for persistence unit 'default'
2024-03-16 11:46:20.424 [SpringApplicationShutdownHook] INFO HikariDataSource.java:350 - HikariPool-1 - Shutdown initiated...
2024-03-16 11:46:20.431 [SpringApplicationShutdownHook] INFO HikariDataSource.java:352 - HikariPool-1 - Shutdown completed.
2024-03-16 11:51:36.406 [background-preinit] INFO Version.java:21 - HV000001: Hibernate Validator 7.0.2.Final
2024-03-16 11:51:36.452 [main] INFO StartupInfoLogger.java:50 - Starting FinalcaseApplicationTests using Java 17.0.9 with PID 15088 (started by Lenovo in D:\workspace\finalcase)
2024-03-16 11:51:36.455 [main] INFO SpringApplication.java:662 - No active profile set, falling back to 1 default profile: "default"
2024-03-16 11:51:37.710 [main] INFO RepositoryConfigurationDelegate.java:139 - Bootstrapping Spring Data JPA repositories in DEFAULT mode.
2024-03-16 11:51:37.820 [main] INFO RepositoryConfigurationDelegate.java:208 - Finished Spring Data repository scanning in 87 ms. Found 3 JPA repository interfaces.
2024-03-16 11:51:38.501 [main] INFO LogHelper.java:31 - HHH000204: Processing PersistenceUnitInfo [name: default]
2024-03-16 11:51:38.583 [main] INFO Version.java:44 - HHH000412: Hibernate ORM core version 6.4.1.Final
2024-03-16 11:51:38.640 [main] INFO RegionFactoryInitiator.java:50 - HHH000026: Second-level cache disabled
2024-03-16 11:51:39.140 [main] INFO SpringPersistenceUnitInfo.java:87 - No LoadTimeWeaver setup: ignoring JPA class transformer
2024-03-16 11:51:39.179 [main] INFO HikariDataSource.java:110 - HikariPool-1 - Starting...
2024-03-16 11:51:39.552 [main] INFO HikariPool.java:565 - HikariPool-1 - Added connection org.postgresql.jdbc.PgConnection@733fae8
2024-03-16 11:51:39.555 [main] INFO HikariDataSource.java:123 - HikariPool-1 - Start completed.
2024-03-16 11:51:39.610 [main] WARN DialectFactoryImpl.java:153 - HHH90000025: PostgreSQLDialect does not need to be specified explicitly using 'hibernate.dialect' (remove the property setting and it will be selected by default)
2024-03-16 11:51:41.013 [main] INFO JtaPlatformInitiator.java:58 - HHH000489: No JTA platform available (set 'hibernate.transaction.jta.platform' to enable JTA platform integration)
2024-03-16 11:51:41.115 [main] INFO AbstractEntityManagerFactoryBean.java:437 - Initialized JPA EntityManagerFactory for persistence unit 'default'
2024-03-16 11:51:41.523 [main] INFO QueryEnhancerFactory.java:49 - Hibernate is in classpath; If applicable, HQL parser will be used.
2024-03-16 11:51:44.177 [main] INFO StartupInfoLogger.java:56 - Started FinalcaseApplicationTests in 8.393 seconds (process running for 9.838)
2024-03-16 11:51:45.114 [main] ERROR UserServiceImpl.java:46 - Error occurred while creating user: UserDTO cannot be null
2024-03-16 11:51:45.149 [SpringApplicationShutdownHook] INFO AbstractEntityManagerFactoryBean.java:650 - Closing JPA EntityManagerFactory for persistence unit 'default'
2024-03-16 11:51:45.153 [SpringApplicationShutdownHook] INFO HikariDataSource.java:350 - HikariPool-1 - Shutdown initiated...
2024-03-16 11:51:45.159 [SpringApplicationShutdownHook] INFO HikariDataSource.java:352 - HikariPool-1 - Shutdown completed.
2024-03-16 11:59:23.359 [background-preinit] INFO Version.java:21 - HV000001: Hibernate Validator 7.0.2.Final
2024-03-16 11:59:23.393 [main] INFO StartupInfoLogger.java:50 - Starting FinalcaseApplicationTests using Java 17.0.9 with PID 2876 (started by Lenovo in D:\workspace\finalcase)
2024-03-16 11:59:23.396 [main] INFO SpringApplication.java:662 - No active profile set, falling back to 1 default profile: "default"
2024-03-16 11:59:24.623 [main] INFO RepositoryConfigurationDelegate.java:139 - Bootstrapping Spring Data JPA repositories in DEFAULT mode.
2024-03-16 11:59:24.721 [main] INFO RepositoryConfigurationDelegate.java:208 - Finished Spring Data repository scanning in 81 ms. Found 3 JPA repository interfaces.
2024-03-16 11:59:25.431 [main] INFO LogHelper.java:31 - HHH000204: Processing PersistenceUnitInfo [name: default]
2024-03-16 11:59:25.505 [main] INFO Version.java:44 - HHH000412: Hibernate ORM core version 6.4.1.Final
2024-03-16 11:59:25.554 [main] INFO RegionFactoryInitiator.java:50 - HHH000026: Second-level cache disabled
2024-03-16 11:59:25.993 [main] INFO SpringPersistenceUnitInfo.java:87 - No LoadTimeWeaver setup: ignoring JPA class transformer
2024-03-16 11:59:26.039 [main] INFO HikariDataSource.java:110 - HikariPool-1 - Starting...
2024-03-16 11:59:26.329 [main] INFO HikariPool.java:565 - HikariPool-1 - Added connection org.postgresql.jdbc.PgConnection@5bb97fe7
2024-03-16 11:59:26.333 [main] INFO HikariDataSource.java:123 - HikariPool-1 - Start completed.
2024-03-16 11:59:26.386 [main] WARN DialectFactoryImpl.java:153 - HHH90000025: PostgreSQLDialect does not need to be specified explicitly using 'hibernate.dialect' (remove the property setting and it will be selected by default)
2024-03-16 11:59:27.638 [main] INFO JtaPlatformInitiator.java:58 - HHH000489: No JTA platform available (set 'hibernate.transaction.jta.platform' to enable JTA platform integration)
2024-03-16 11:59:27.736 [main] INFO AbstractEntityManagerFactoryBean.java:437 - Initialized JPA EntityManagerFactory for persistence unit 'default'
2024-03-16 11:59:28.144 [main] INFO QueryEnhancerFactory.java:49 - Hibernate is in classpath; If applicable, HQL parser will be used.
2024-03-16 11:59:30.696 [main] INFO StartupInfoLogger.java:56 - Started FinalcaseApplicationTests in 7.943 seconds (process running for 9.579)
2024-03-16 11:59:31.448 [main] ERROR UserServiceImpl.java:46 - Error occurred while creating user: UserDTO cannot be null
2024-03-16 11:59:31.487 [SpringApplicationShutdownHook] INFO AbstractEntityManagerFactoryBean.java:650 - Closing JPA EntityManagerFactory for persistence unit 'default'
2024-03-16 11:59:31.490 [SpringApplicationShutdownHook] INFO HikariDataSource.java:350 - HikariPool-1 - Shutdown initiated...
2024-03-16 11:59:31.495 [SpringApplicationShutdownHook] INFO HikariDataSource.java:352 - HikariPool-1 - Shutdown completed.
2024-03-16 12:00:22.153 [background-preinit] INFO Version.java:21 - HV000001: Hibernate Validator 7.0.2.Final
2024-03-16 12:00:22.179 [main] INFO StartupInfoLogger.java:50 - Starting FinalcaseApplicationTests using Java 17.0.9 with PID 7032 (started by Lenovo in D:\workspace\finalcase)
2024-03-16 12:00:22.180 [main] INFO SpringApplication.java:662 - No active profile set, falling back to 1 default profile: "default"
2024-03-16 12:00:23.015 [main] INFO RepositoryConfigurationDelegate.java:139 - Bootstrapping Spring Data JPA repositories in DEFAULT mode.
2024-03-16 12:00:23.072 [main] INFO RepositoryConfigurationDelegate.java:208 - Finished Spring Data repository scanning in 49 ms. Found 3 JPA repository interfaces.
2024-03-16 12:00:23.544 [main] INFO LogHelper.java:31 - HHH000204: Processing PersistenceUnitInfo [name: default]
2024-03-16 12:00:23.610 [main] INFO Version.java:44 - HHH000412: Hibernate ORM core version 6.4.1.Final
2024-03-16 12:00:23.654 [main] INFO RegionFactoryInitiator.java:50 - HHH000026: Second-level cache disabled
2024-03-16 12:00:24.001 [main] INFO SpringPersistenceUnitInfo.java:87 - No LoadTimeWeaver setup: ignoring JPA class transformer
2024-03-16 12:00:24.035 [main] INFO HikariDataSource.java:110 - HikariPool-1 - Starting...
2024-03-16 12:00:24.258 [main] INFO HikariPool.java:565 - HikariPool-1 - Added connection org.postgresql.jdbc.PgConnection@77ff14ce
2024-03-16 12:00:24.260 [main] INFO HikariDataSource.java:123 - HikariPool-1 - Start completed.
2024-03-16 12:00:24.302 [main] WARN DialectFactoryImpl.java:153 - HHH90000025: PostgreSQLDialect does not need to be specified explicitly using 'hibernate.dialect' (remove the property setting and it will be selected by default)
2024-03-16 12:00:25.312 [main] INFO JtaPlatformInitiator.java:58 - HHH000489: No JTA platform available (set 'hibernate.transaction.jta.platform' to enable JTA platform integration)
2024-03-16 12:00:25.383 [main] INFO AbstractEntityManagerFactoryBean.java:437 - Initialized JPA EntityManagerFactory for persistence unit 'default'
2024-03-16 12:00:25.717 [main] INFO QueryEnhancerFactory.java:49 - Hibernate is in classpath; If applicable, HQL parser will be used.
2024-03-16 12:00:27.668 [main] INFO StartupInfoLogger.java:56 - Started FinalcaseApplicationTests in 5.943 seconds (process running for 6.95)
2024-03-16 12:00:28.175 [main] ERROR UserServiceImpl.java:46 - Error occurred while creating user: UserDTO cannot be null
2024-03-16 12:00:28.202 [SpringApplicationShutdownHook] INFO AbstractEntityManagerFactoryBean.java:650 - Closing JPA EntityManagerFactory for persistence unit 'default'
2024-03-16 12:00:28.205 [SpringApplicationShutdownHook] INFO HikariDataSource.java:350 - HikariPool-1 - Shutdown initiated...
2024-03-16 12:00:28.214 [SpringApplicationShutdownHook] INFO HikariDataSource.java:352 - HikariPool-1 - Shutdown completed.
2024-03-16 12:02:13.873 [background-preinit] INFO Version.java:21 - HV000001: Hibernate Validator 7.0.2.Final
2024-03-16 12:02:13.913 [main] INFO StartupInfoLogger.java:50 - Starting FinalcaseApplicationTests using Java 17.0.9 with PID 17736 (started by Lenovo in D:\workspace\finalcase)
2024-03-16 12:02:13.915 [main] INFO SpringApplication.java:662 - No active profile set, falling back to 1 default profile: "default"
2024-03-16 12:02:15.138 [main] INFO RepositoryConfigurationDelegate.java:139 - Bootstrapping Spring Data JPA repositories in DEFAULT mode.
2024-03-16 12:02:15.241 [main] INFO RepositoryConfigurationDelegate.java:208 - Finished Spring Data repository scanning in 84 ms. Found 3 JPA repository interfaces.
2024-03-16 12:02:15.941 [main] INFO LogHelper.java:31 - HHH000204: Processing PersistenceUnitInfo [name: default]
2024-03-16 12:02:16.035 [main] INFO Version.java:44 - HHH000412: Hibernate ORM core version 6.4.1.Final
2024-03-16 12:02:16.099 [main] INFO RegionFactoryInitiator.java:50 - HHH000026: Second-level cache disabled
2024-03-16 12:02:16.526 [main] INFO SpringPersistenceUnitInfo.java:87 - No LoadTimeWeaver setup: ignoring JPA class transformer
2024-03-16 12:02:16.574 [main] INFO HikariDataSource.java:110 - HikariPool-1 - Starting...
2024-03-16 12:02:16.900 [main] INFO HikariPool.java:565 - HikariPool-1 - Added connection org.postgresql.jdbc.PgConnection@525b8922
2024-03-16 12:02:16.903 [main] INFO HikariDataSource.java:123 - HikariPool-1 - Start completed.
2024-03-16 12:02:16.962 [main] WARN DialectFactoryImpl.java:153 - HHH90000025: PostgreSQLDialect does not need to be specified explicitly using 'hibernate.dialect' (remove the property setting and it will be selected by default)
2024-03-16 12:02:18.347 [main] INFO JtaPlatformInitiator.java:58 - HHH000489: No JTA platform available (set 'hibernate.transaction.jta.platform' to enable JTA platform integration)
2024-03-16 12:02:18.441 [main] INFO AbstractEntityManagerFactoryBean.java:437 - Initialized JPA EntityManagerFactory for persistence unit 'default'
2024-03-16 12:02:18.857 [main] INFO QueryEnhancerFactory.java:49 - Hibernate is in classpath; If applicable, HQL parser will be used.
2024-03-16 12:02:21.432 [main] INFO StartupInfoLogger.java:56 - Started FinalcaseApplicationTests in 8.128 seconds (process running for 9.65)
2024-03-16 12:02:22.061 [main] ERROR UserServiceImpl.java:46 - Error occurred while creating user: UserDTO cannot be null
2024-03-16 12:02:22.088 [SpringApplicationShutdownHook] INFO AbstractEntityManagerFactoryBean.java:650 - Closing JPA EntityManagerFactory for persistence unit 'default'
2024-03-16 12:02:22.092 [SpringApplicationShutdownHook] INFO HikariDataSource.java:350 - HikariPool-1 - Shutdown initiated...
2024-03-16 12:02:22.096 [SpringApplicationShutdownHook] INFO HikariDataSource.java:352 - HikariPool-1 - Shutdown completed.
2024-03-16 12:03:17.832 [background-preinit] INFO Version.java:21 - HV000001: Hibernate Validator 7.0.2.Final
2024-03-16 12:03:17.858 [main] INFO StartupInfoLogger.java:50 - Starting FinalcaseApplicationTests using Java 17.0.9 with PID 19552 (started by Lenovo in D:\workspace\finalcase)
2024-03-16 12:03:17.859 [main] INFO SpringApplication.java:662 - No active profile set, falling back to 1 default profile: "default"
2024-03-16 12:03:18.703 [main] INFO RepositoryConfigurationDelegate.java:139 - Bootstrapping Spring Data JPA repositories in DEFAULT mode.
2024-03-16 12:03:18.758 [main] INFO RepositoryConfigurationDelegate.java:208 - Finished Spring Data repository scanning in 48 ms. Found 3 JPA repository interfaces.
2024-03-16 12:03:19.275 [main] INFO LogHelper.java:31 - HHH000204: Processing PersistenceUnitInfo [name: default]
2024-03-16 12:03:19.331 [main] INFO Version.java:44 - HHH000412: Hibernate ORM core version 6.4.1.Final
2024-03-16 12:03:19.383 [main] INFO RegionFactoryInitiator.java:50 - HHH000026: Second-level cache disabled
2024-03-16 12:03:19.697 [main] INFO SpringPersistenceUnitInfo.java:87 - No LoadTimeWeaver setup: ignoring JPA class transformer
2024-03-16 12:03:19.726 [main] INFO HikariDataSource.java:110 - HikariPool-1 - Starting...
2024-03-16 12:03:19.920 [main] INFO HikariPool.java:565 - HikariPool-1 - Added connection org.postgresql.jdbc.PgConnection@32e830a0
2024-03-16 12:03:19.923 [main] INFO HikariDataSource.java:123 - HikariPool-1 - Start completed.
2024-03-16 12:03:19.963 [main] WARN DialectFactoryImpl.java:153 - HHH90000025: PostgreSQLDialect does not need to be specified explicitly using 'hibernate.dialect' (remove the property setting and it will be selected by default)
2024-03-16 12:03:20.909 [main] INFO JtaPlatformInitiator.java:58 - HHH000489: No JTA platform available (set 'hibernate.transaction.jta.platform' to enable JTA platform integration)
2024-03-16 12:03:20.979 [main] INFO AbstractEntityManagerFactoryBean.java:437 - Initialized JPA EntityManagerFactory for persistence unit 'default'
2024-03-16 12:03:21.287 [main] INFO QueryEnhancerFactory.java:49 - Hibernate is in classpath; If applicable, HQL parser will be used.
2024-03-16 12:03:23.186 [main] INFO StartupInfoLogger.java:56 - Started FinalcaseApplicationTests in 5.832 seconds (process running for 6.842)
2024-03-16 12:03:23.753 [SpringApplicationShutdownHook] INFO AbstractEntityManagerFactoryBean.java:650 - Closing JPA EntityManagerFactory for persistence unit 'default'
2024-03-16 12:03:23.755 [SpringApplicationShutdownHook] INFO HikariDataSource.java:350 - HikariPool-1 - Shutdown initiated...
2024-03-16 12:03:23.757 [SpringApplicationShutdownHook] INFO HikariDataSource.java:352 - HikariPool-1 - Shutdown completed.
2024-03-16 12:05:27.511 [background-preinit] INFO Version.java:21 - HV000001: Hibernate Validator 7.0.2.Final
2024-03-16 12:05:27.548 [main] INFO StartupInfoLogger.java:50 - Starting FinalcaseApplicationTests using Java 17.0.9 with PID 5664 (started by Lenovo in D:\workspace\finalcase)
2024-03-16 12:05:27.550 [main] INFO SpringApplication.java:662 - No active profile set, falling back to 1 default profile: "default"
2024-03-16 12:05:28.740 [main] INFO RepositoryConfigurationDelegate.java:139 - Bootstrapping Spring Data JPA repositories in DEFAULT mode.
2024-03-16 12:05:28.818 [main] INFO RepositoryConfigurationDelegate.java:208 - Finished Spring Data repository scanning in 68 ms. Found 3 JPA repository interfaces.
2024-03-16 12:05:29.472 [main] INFO LogHelper.java:31 - HHH000204: Processing PersistenceUnitInfo [name: default]
2024-03-16 12:05:29.582 [main] INFO Version.java:44 - HHH000412: Hibernate ORM core version 6.4.1.Final
2024-03-16 12:05:29.625 [main] INFO RegionFactoryInitiator.java:50 - HHH000026: Second-level cache disabled
2024-03-16 12:05:30.049 [main] INFO SpringPersistenceUnitInfo.java:87 - No LoadTimeWeaver setup: ignoring JPA class transformer
2024-03-16 12:05:30.085 [main] INFO HikariDataSource.java:110 - HikariPool-1 - Starting...
2024-03-16 12:05:30.389 [main] INFO HikariPool.java:565 - HikariPool-1 - Added connection org.postgresql.jdbc.PgConnection@32e830a0
2024-03-16 12:05:30.392 [main] INFO HikariDataSource.java:123 - HikariPool-1 - Start completed.
2024-03-16 12:05:30.446 [main] WARN DialectFactoryImpl.java:153 - HHH90000025: PostgreSQLDialect does not need to be specified explicitly using 'hibernate.dialect' (remove the property setting and it will be selected by default)
2024-03-16 12:05:31.761 [main] INFO JtaPlatformInitiator.java:58 - HHH000489: No JTA platform available (set 'hibernate.transaction.jta.platform' to enable JTA platform integration)
2024-03-16 12:05:31.859 [main] INFO AbstractEntityManagerFactoryBean.java:437 - Initialized JPA EntityManagerFactory for persistence unit 'default'
2024-03-16 12:05:32.265 [main] INFO QueryEnhancerFactory.java:49 - Hibernate is in classpath; If applicable, HQL parser will be used.
2024-03-16 12:05:34.839 [main] INFO StartupInfoLogger.java:56 - Started FinalcaseApplicationTests in 7.921 seconds (process running for 9.379)
2024-03-16 12:05:35.590 [SpringApplicationShutdownHook] INFO AbstractEntityManagerFactoryBean.java:650 - Closing JPA EntityManagerFactory for persistence unit 'default'
2024-03-16 12:05:35.595 [SpringApplicationShutdownHook] INFO HikariDataSource.java:350 - HikariPool-1 - Shutdown initiated...
2024-03-16 12:05:35.601 [SpringApplicationShutdownHook] INFO HikariDataSource.java:352 - HikariPool-1 - Shutdown completed.
2024-03-16 12:06:36.046 [background-preinit] INFO Version.java:21 - HV000001: Hibernate Validator 7.0.2.Final
2024-03-16 12:06:36.069 [main] INFO StartupInfoLogger.java:50 - Starting FinalcaseApplicationTests using Java 17.0.9 with PID 14768 (started by Lenovo in D:\workspace\finalcase)
2024-03-16 12:06:36.070 [main] INFO SpringApplication.java:662 - No active profile set, falling back to 1 default profile: "default"
2024-03-16 12:06:36.876 [main] INFO RepositoryConfigurationDelegate.java:139 - Bootstrapping Spring Data JPA repositories in DEFAULT mode.
2024-03-16 12:06:36.932 [main] INFO RepositoryConfigurationDelegate.java:208 - Finished Spring Data repository scanning in 49 ms. Found 3 JPA repository interfaces.
2024-03-16 12:06:37.410 [main] INFO LogHelper.java:31 - HHH000204: Processing PersistenceUnitInfo [name: default]
2024-03-16 12:06:37.471 [main] INFO Version.java:44 - HHH000412: Hibernate ORM core version 6.4.1.Final
2024-03-16 12:06:37.511 [main] INFO RegionFactoryInitiator.java:50 - HHH000026: Second-level cache disabled
2024-03-16 12:06:37.838 [main] INFO SpringPersistenceUnitInfo.java:87 - No LoadTimeWeaver setup: ignoring JPA class transformer
2024-03-16 12:06:37.871 [main] INFO HikariDataSource.java:110 - HikariPool-1 - Starting...
2024-03-16 12:06:38.092 [main] INFO HikariPool.java:565 - HikariPool-1 - Added connection org.postgresql.jdbc.PgConnection@6d3163a6
2024-03-16 12:06:38.094 [main] INFO HikariDataSource.java:123 - HikariPool-1 - Start completed.
2024-03-16 12:06:38.133 [main] WARN DialectFactoryImpl.java:153 - HHH90000025: PostgreSQLDialect does not need to be specified explicitly using 'hibernate.dialect' (remove the property setting and it will be selected by default)
2024-03-16 12:06:39.027 [main] INFO JtaPlatformInitiator.java:58 - HHH000489: No JTA platform available (set 'hibernate.transaction.jta.platform' to enable JTA platform integration)
2024-03-16 12:06:39.105 [main] INFO AbstractEntityManagerFactoryBean.java:437 - Initialized JPA EntityManagerFactory for persistence unit 'default'
2024-03-16 12:06:39.395 [main] INFO QueryEnhancerFactory.java:49 - Hibernate is in classpath; If applicable, HQL parser will be used.
2024-03-16 12:06:41.439 [main] INFO StartupInfoLogger.java:56 - Started FinalcaseApplicationTests in 5.81 seconds (process running for 6.879)
2024-03-16 12:06:42.310 [SpringApplicationShutdownHook] INFO AbstractEntityManagerFactoryBean.java:650 - Closing JPA EntityManagerFactory for persistence unit 'default'
2024-03-16 12:06:42.315 [SpringApplicationShutdownHook] INFO HikariDataSource.java:350 - HikariPool-1 - Shutdown initiated...
2024-03-16 12:06:42.324 [SpringApplicationShutdownHook] INFO HikariDataSource.java:352 - HikariPool-1 - Shutdown completed.
2024-03-16 12:06:55.148 [background-preinit] INFO Version.java:21 - HV000001: Hibernate Validator 7.0.2.Final
2024-03-16 12:06:55.175 [main] INFO StartupInfoLogger.java:50 - Starting FinalcaseApplicationTests using Java 17.0.9 with PID 6724 (started by Lenovo in D:\workspace\finalcase)
2024-03-16 12:06:55.176 [main] INFO SpringApplication.java:662 - No active profile set, falling back to 1 default profile: "default"
2024-03-16 12:06:55.999 [main] INFO RepositoryConfigurationDelegate.java:139 - Bootstrapping Spring Data JPA repositories in DEFAULT mode.
2024-03-16 12:06:56.057 [main] INFO RepositoryConfigurationDelegate.java:208 - Finished Spring Data repository scanning in 50 ms. Found 3 JPA repository interfaces.
2024-03-16 12:06:56.556 [main] INFO LogHelper.java:31 - HHH000204: Processing PersistenceUnitInfo [name: default]
2024-03-16 12:06:56.618 [main] INFO Version.java:44 - HHH000412: Hibernate ORM core version 6.4.1.Final
2024-03-16 12:06:56.662 [main] INFO RegionFactoryInitiator.java:50 - HHH000026: Second-level cache disabled
2024-03-16 12:06:56.980 [main] INFO SpringPersistenceUnitInfo.java:87 - No LoadTimeWeaver setup: ignoring JPA class transformer
2024-03-16 12:06:57.010 [main] INFO HikariDataSource.java:110 - HikariPool-1 - Starting...
2024-03-16 12:06:57.208 [main] INFO HikariPool.java:565 - HikariPool-1 - Added connection org.postgresql.jdbc.PgConnection@4dd1d2bb
2024-03-16 12:06:57.211 [main] INFO HikariDataSource.java:123 - HikariPool-1 - Start completed.
2024-03-16 12:06:57.250 [main] WARN DialectFactoryImpl.java:153 - HHH90000025: PostgreSQLDialect does not need to be specified explicitly using 'hibernate.dialect' (remove the property setting and it will be selected by default)
2024-03-16 12:06:58.190 [main] INFO JtaPlatformInitiator.java:58 - HHH000489: No JTA platform available (set 'hibernate.transaction.jta.platform' to enable JTA platform integration)
2024-03-16 12:06:58.261 [main] INFO AbstractEntityManagerFactoryBean.java:437 - Initialized JPA EntityManagerFactory for persistence unit 'default'
2024-03-16 12:06:58.588 [main] INFO QueryEnhancerFactory.java:49 - Hibernate is in classpath; If applicable, HQL parser will be used.
2024-03-16 12:07:00.514 [main] INFO StartupInfoLogger.java:56 - Started FinalcaseApplicationTests in 5.847 seconds (process running for 6.902)
2024-03-16 12:07:01.289 [SpringApplicationShutdownHook] INFO AbstractEntityManagerFactoryBean.java:650 - Closing JPA EntityManagerFactory for persistence unit 'default'
2024-03-16 12:07:01.294 [SpringApplicationShutdownHook] INFO HikariDataSource.java:350 - HikariPool-1 - Shutdown initiated...
2024-03-16 12:07:01.300 [SpringApplicationShutdownHook] INFO HikariDataSource.java:352 - HikariPool-1 - Shutdown completed.
2024-03-16 12:07:30.244 [background-preinit] INFO Version.java:21 - HV000001: Hibernate Validator 7.0.2.Final
2024-03-16 12:07:30.266 [main] INFO StartupInfoLogger.java:50 - Starting FinalcaseApplicationTests using Java 17.0.9 with PID 9208 (started by Lenovo in D:\workspace\finalcase)
2024-03-16 12:07:30.268 [main] INFO SpringApplication.java:662 - No active profile set, falling back to 1 default profile: "default"
2024-03-16 12:07:31.100 [main] INFO RepositoryConfigurationDelegate.java:139 - Bootstrapping Spring Data JPA repositories in DEFAULT mode.
2024-03-16 12:07:31.170 [main] INFO RepositoryConfigurationDelegate.java:208 - Finished Spring Data repository scanning in 61 ms. Found 3 JPA repository interfaces.
2024-03-16 12:07:31.701 [main] INFO LogHelper.java:31 - HHH000204: Processing PersistenceUnitInfo [name: default]
2024-03-16 12:07:31.761 [main] INFO Version.java:44 - HHH000412: Hibernate ORM core version 6.4.1.Final
2024-03-16 12:07:31.799 [main] INFO RegionFactoryInitiator.java:50 - HHH000026: Second-level cache disabled
2024-03-16 12:07:32.132 [main] INFO SpringPersistenceUnitInfo.java:87 - No LoadTimeWeaver setup: ignoring JPA class transformer
2024-03-16 12:07:32.166 [main] INFO HikariDataSource.java:110 - HikariPool-1 - Starting...
2024-03-16 12:07:32.380 [main] INFO HikariPool.java:565 - HikariPool-1 - Added connection org.postgresql.jdbc.PgConnection@37bda983
2024-03-16 12:07:32.383 [main] INFO HikariDataSource.java:123 - HikariPool-1 - Start completed.
2024-03-16 12:07:32.423 [main] WARN DialectFactoryImpl.java:153 - HHH90000025: PostgreSQLDialect does not need to be specified explicitly using 'hibernate.dialect' (remove the property setting and it will be selected by default)
2024-03-16 12:07:33.366 [main] INFO JtaPlatformInitiator.java:58 - HHH000489: No JTA platform available (set 'hibernate.transaction.jta.platform' to enable JTA platform integration)
2024-03-16 12:07:33.433 [main] INFO AbstractEntityManagerFactoryBean.java:437 - Initialized JPA EntityManagerFactory for persistence unit 'default'
2024-03-16 12:07:33.712 [main] INFO QueryEnhancerFactory.java:49 - Hibernate is in classpath; If applicable, HQL parser will be used.
2024-03-16 12:07:35.712 [main] INFO StartupInfoLogger.java:56 - Started FinalcaseApplicationTests in 5.874 seconds (process running for 6.952)
2024-03-16 12:07:36.717 [SpringApplicationShutdownHook] INFO AbstractEntityManagerFactoryBean.java:650 - Closing JPA EntityManagerFactory for persistence unit 'default'
2024-03-16 12:07:36.722 [SpringApplicationShutdownHook] INFO HikariDataSource.java:350 - HikariPool-1 - Shutdown initiated...
2024-03-16 12:07:36.730 [SpringApplicationShutdownHook] INFO HikariDataSource.java:352 - HikariPool-1 - Shutdown completed.
2024-03-16 12:18:04.937 [SpringApplicationShutdownHook] INFO AbstractEntityManagerFactoryBean.java:650 - Closing JPA EntityManagerFactory for persistence unit 'default'
2024-03-16 12:18:04.940 [SpringApplicationShutdownHook] INFO HikariDataSource.java:350 - HikariPool-1 - Shutdown initiated...
2024-03-16 12:18:04.942 [SpringApplicationShutdownHook] INFO HikariDataSource.java:352 - HikariPool-1 - Shutdown completed.
